The system is: Linux - sh: 0: getcwd() failed: No such file or directory
4.15.0-201-generic - sh: 0: getcwd() failed: No such file or directory
x86_64
Determining if the C compiler works passed with the following output:
Change Dir: /home/liuchenyang/Desktop/c/build/CMakeFiles/CMakeTmp

Run Build Command:"/usr/bin/make" "cmTC_f1f29/fast"
/usr/bin/make -f CMakeFiles/cmTC_f1f29.dir/build.make CMakeFiles/cmTC_f1f29.dir/build
make[1]: Entering directory '/home/liuchenyang/Desktop/c/build/CMakeFiles/CMakeTmp'
Building C object CMakeFiles/cmTC_f1f29.dir/testCCompiler.c.o
/usr/bin/gcc    -o CMakeFiles/cmTC_f1f29.dir/testCCompiler.c.o   -c /home/liuchenyang/Desktop/c/build/CMakeFiles/CMakeTmp/testCCompiler.c
Linking C executable cmTC_f1f29
/usr/bin/cmake -E cmake_link_script CMakeFiles/cmTC_f1f29.dir/link.txt --verbose=1
/usr/bin/gcc      CMakeFiles/cmTC_f1f29.dir/testCCompiler.c.o  -o cmTC_f1f29 
make[1]: Leaving directory '/home/liuchenyang/Desktop/c/build/CMakeFiles/CMakeTmp'


Detecting C compiler ABI info compiled with the following output:
Change Dir: /home/liuchenyang/Desktop/c/build/CMakeFiles/CMakeTmp

Run Build Command:"/usr/bin/make" "cmTC_c89f5/fast"
/usr/bin/make -f CMakeFiles/cmTC_c89f5.dir/build.make CMakeFiles/cmTC_c89f5.dir/build
make[1]: Entering directory '/home/liuchenyang/Desktop/c/build/CMakeFiles/CMakeTmp'
Building C object CMakeFiles/cmTC_c89f5.dir/CMakeCCompilerABI.c.o
/usr/bin/gcc    -o CMakeFiles/cmTC_c89f5.dir/CMakeCCompilerABI.c.o   -c /usr/share/cmake-3.10/Modules/CMakeCCompilerABI.c
Linking C executable cmTC_c89f5
/usr/bin/cmake -E cmake_link_script CMakeFiles/cmTC_c89f5.dir/link.txt --verbose=1
/usr/bin/gcc      CMakeFiles/cmTC_c89f5.dir/CMakeCCompilerABI.c.o  -o cmTC_c89f5 
make[1]: Leaving directory '/home/liuchenyang/Desktop/c/build/CMakeFiles/CMakeTmp'


Determining if the CXX compiler works passed with the following output:
Change Dir: /home/liuchenyang/Desktop/c/build/CMakeFiles/CMakeTmp

Run Build Command:"/usr/bin/make" "cmTC_8fb5b/fast"
/usr/bin/make -f CMakeFiles/cmTC_8fb5b.dir/build.make CMakeFiles/cmTC_8fb5b.dir/build
make[1]: Entering directory '/home/liuchenyang/Desktop/c/build/CMakeFiles/CMakeTmp'
Building CXX object CMakeFiles/cmTC_8fb5b.dir/testCXXCompiler.cxx.o
/usr/bin/g++     -o CMakeFiles/cmTC_8fb5b.dir/testCXXCompiler.cxx.o -c /home/liuchenyang/Desktop/c/build/CMakeFiles/CMakeTmp/testCXXCompiler.cxx
Linking CXX executable cmTC_8fb5b
/usr/bin/cmake -E cmake_link_script CMakeFiles/cmTC_8fb5b.dir/link.txt --verbose=1
/usr/bin/g++       CMakeFiles/cmTC_8fb5b.dir/testCXXCompiler.cxx.o  -o cmTC_8fb5b 
make[1]: Leaving directory '/home/liuchenyang/Desktop/c/build/CMakeFiles/CMakeTmp'


Detecting CXX compiler ABI info compiled with the following output:
Change Dir: /home/liuchenyang/Desktop/c/build/CMakeFiles/CMakeTmp

Run Build Command:"/usr/bin/make" "cmTC_67443/fast"
/usr/bin/make -f CMakeFiles/cmTC_67443.dir/build.make CMakeFiles/cmTC_67443.dir/build
make[1]: Entering directory '/home/liuchenyang/Desktop/c/build/CMakeFiles/CMakeTmp'
Building CXX object CMakeFiles/cmTC_67443.dir/CMakeCXXCompilerABI.cpp.o
/usr/bin/g++     -o CMakeFiles/cmTC_67443.dir/CMakeCXXCompilerABI.cpp.o -c /usr/share/cmake-3.10/Modules/CMakeCXXCompilerABI.cpp
Linking CXX executable cmTC_67443
/usr/bin/cmake -E cmake_link_script CMakeFiles/cmTC_67443.dir/link.txt --verbose=1
/usr/bin/g++       CMakeFiles/cmTC_67443.dir/CMakeCXXCompilerABI.cpp.o  -o cmTC_67443 
make[1]: Leaving directory '/home/liuchenyang/Desktop/c/build/CMakeFiles/CMakeTmp'


